<?xml version="1.0" encoding="UTF-8"?>
<testsuite xmlns:xsi="http://www.w3.org/2001/XMLSchema-instance" xsi:noNamespaceSchemaLocation="https://maven.apache.org/surefire/maven-surefire-plugin/xsd/surefire-test-report.xsd" name="TestSuite" time="0.185" tests="0" errors="0" skipped="0" failures="0">
  <properties>
    <property name="gopherProxySet" value="false"/>
    <property name="awt.toolkit" value="sun.lwawt.macosx.LWCToolkit"/>
    <property name="file.encoding.pkg" value="sun.io"/>
    <property name="java.specification.version" value="1.8"/>
    <property name="sun.cpu.isalist" value=""/>
    <property name="sun.jnu.encoding" value="UTF-8"/>
    <property name="java.class.path" value="/Users/deepakkumar/Projects/Demo/SenbotMaven/target/test-classes:/Users/deepakkumar/Projects/Demo/SenbotMaven/target/classes:/Users/deepakkumar/.m2/repository/com/gfk/senbot/SenBotRunner/0.2/SenBotRunner-0.2.jar:/Users/deepakkumar/.m2/repository/org/springframework/spring-core/3.1.0.RELEASE/spring-core-3.1.0.RELEASE.jar:/Users/deepakkumar/.m2/repository/org/springframework/spring-asm/3.1.0.RELEASE/spring-asm-3.1.0.RELEASE.jar:/Users/deepakkumar/.m2/repository/commons-logging/commons-logging/1.1.1/commons-logging-1.1.1.jar:/Users/deepakkumar/.m2/repository/javax/inject/javax.inject/1/javax.inject-1.jar:/Users/deepakkumar/.m2/repository/org/springframework/spring-context/3.1.0.RELEASE/spring-context-3.1.0.RELEASE.jar:/Users/deepakkumar/.m2/repository/org/springframework/spring-aop/3.1.0.RELEASE/spring-aop-3.1.0.RELEASE.jar:/Users/deepakkumar/.m2/repository/aopalliance/aopalliance/1.0/aopalliance-1.0.jar:/Users/deepakkumar/.m2/repository/org/springframework/spring-beans/3.1.0.RELEASE/spring-beans-3.1.0.RELEASE.jar:/Users/deepakkumar/.m2/repository/org/springframework/spring-expression/3.1.0.RELEASE/spring-expression-3.1.0.RELEASE.jar:/Users/deepakkumar/.m2/repository/junit/junit/4.11/junit-4.11.jar:/Users/deepakkumar/.m2/repository/org/hamcrest/hamcrest-core/1.3/hamcrest-core-1.3.jar:/Users/deepakkumar/.m2/repository/org/seleniumhq/selenium/selenium-java/2.32.0/selenium-java-2.32.0.jar:/Users/deepakkumar/.m2/repository/org/seleniumhq/selenium/selenium-android-driver/2.32.0/selenium-android-driver-2.32.0.jar:/Users/deepakkumar/.m2/repository/org/seleniumhq/selenium/selenium-remote-driver/2.32.0/selenium-remote-driver-2.32.0.jar:/Users/deepakkumar/.m2/repository/cglib/cglib-nodep/2.1_3/cglib-nodep-2.1_3.jar:/Users/deepakkumar/.m2/repository/org/seleniumhq/selenium/selenium-chrome-driver/2.32.0/selenium-chrome-driver-2.32.0.jar:/Users/deepakkumar/.m2/repository/org/seleniumhq/selenium/selenium-htmlunit-driver/2.32.0/selenium-htmlunit-driver-2.32.0.jar:/Users/deepakkumar/.m2/repository/org/seleniumhq/selenium/selenium-api/2.32.0/selenium-api-2.32.0.jar:/Users/deepakkumar/.m2/repository/net/sourceforge/htmlunit/htmlunit/2.12/htmlunit-2.12.jar:/Users/deepakkumar/.m2/repository/xalan/xalan/2.7.1/xalan-2.7.1.jar:/Users/deepakkumar/.m2/repository/xalan/serializer/2.7.1/serializer-2.7.1.jar:/Users/deepakkumar/.m2/repository/commons-collections/commons-collections/3.2.1/commons-collections-3.2.1.jar:/Users/deepakkumar/.m2/repository/org/apache/commons/commons-lang3/3.1/commons-lang3-3.1.jar:/Users/deepakkumar/.m2/repository/org/apache/httpcomponents/httpmime/4.2.3/httpmime-4.2.3.jar:/Users/deepakkumar/.m2/repository/commons-codec/commons-codec/1.7/commons-codec-1.7.jar:/Users/deepakkumar/.m2/repository/net/sourceforge/htmlunit/htmlunit-core-js/2.12/htmlunit-core-js-2.12.jar:/Users/deepakkumar/.m2/repository/xerces/xercesImpl/2.10.0/xercesImpl-2.10.0.jar:/Users/deepakkumar/.m2/repository/xml-apis/xml-apis/1.4.01/xml-apis-1.4.01.jar:/Users/deepakkumar/.m2/repository/net/sourceforge/nekohtml/nekohtml/1.9.18/nekohtml-1.9.18.jar:/Users/deepakkumar/.m2/repository/net/sourceforge/cssparser/cssparser/0.9.9/cssparser-0.9.9.jar:/Users/deepakkumar/.m2/repository/org/w3c/css/sac/1.3/sac-1.3.jar:/Users/deepakkumar/.m2/repository/org/eclipse/jetty/jetty-websocket/8.1.9.v20130131/jetty-websocket-8.1.9.v20130131.jar:/Users/deepakkumar/.m2/repository/org/eclipse/jetty/jetty-util/8.1.9.v20130131/jetty-util-8.1.9.v20130131.jar:/Users/deepakkumar/.m2/repository/org/eclipse/jetty/jetty-io/8.1.9.v20130131/jetty-io-8.1.9.v20130131.jar:/Users/deepakkumar/.m2/repository/org/eclipse/jetty/jetty-http/8.1.9.v20130131/jetty-http-8.1.9.v20130131.jar:/Users/deepakkumar/.m2/repository/org/apache/httpcomponents/httpclient/4.2.1/httpclient-4.2.1.jar:/Users/deepakkumar/.m2/repository/org/apache/httpcomponents/httpcore/4.2.1/httpcore-4.2.1.jar:/Users/deepakkumar/.m2/repository/org/seleniumhq/selenium/selenium-firefox-driver/2.32.0/selenium-firefox-driver-2.32.0.jar:/Users/deepakkumar/.m2/repository/commons-io/commons-io/2.2/commons-io-2.2.jar:/Users/deepakkumar/.m2/repository/org/seleniumhq/selenium/selenium-ie-driver/2.32.0/selenium-ie-driver-2.32.0.jar:/Users/deepakkumar/.m2/repository/net/java/dev/jna/jna/3.4.0/jna-3.4.0.jar:/Users/deepakkumar/.m2/repository/net/java/dev/jna/platform/3.4.0/platform-3.4.0.jar:/Users/deepakkumar/.m2/repository/org/seleniumhq/selenium/selenium-iphone-driver/2.32.0/selenium-iphone-driver-2.32.0.jar:/Users/deepakkumar/.m2/repository/org/seleniumhq/selenium/selenium-safari-driver/2.32.0/selenium-safari-driver-2.32.0.jar:/Users/deepakkumar/.m2/repository/org/seleniumhq/selenium/selenium-support/2.32.0/selenium-support-2.32.0.jar:/Users/deepakkumar/.m2/repository/org/webbitserver/webbit/0.4.14/webbit-0.4.14.jar:/Users/deepakkumar/.m2/repository/io/netty/netty/3.5.2.Final/netty-3.5.2.Final.jar:/Users/deepakkumar/.m2/repository/info/cukes/cucumber-core/1.1.2/cucumber-core-1.1.2.jar:/Users/deepakkumar/.m2/repository/info/cukes/cucumber-java/1.1.2/cucumber-java-1.1.2.jar:/Users/deepakkumar/.m2/repository/info/cukes/cucumber-junit/1.1.2/cucumber-junit-1.1.2.jar:/Users/deepakkumar/.m2/repository/com/opera/operadriver/0.16/operadriver-0.16.jar:/Users/deepakkumar/.m2/repository/com/opera/operalaunchers/1.0/operalaunchers-1.0.jar:/Users/deepakkumar/.m2/repository/com/google/protobuf/protobuf-java/2.4.1/protobuf-java-2.4.1.jar:/Users/deepakkumar/.m2/repository/com/google/guava/guava/12.0.1/guava-12.0.1.jar:/Users/deepakkumar/.m2/repository/com/google/code/findbugs/jsr305/1.3.9/jsr305-1.3.9.jar:/Users/deepakkumar/.m2/repository/commons-jxpath/commons-jxpath/1.3/commons-jxpath-1.3.jar:/Users/deepakkumar/.m2/repository/org/apache/commons/commons-exec/1.1/commons-exec-1.1.jar:/Users/deepakkumar/.m2/repository/org/ini4j/ini4j/0.5.2/ini4j-0.5.2.jar:/Users/deepakkumar/.m2/repository/org/slf4j/slf4j-api/1.7.2/slf4j-api-1.7.2.jar:/Users/deepakkumar/.m2/repository/org/json/json/20090211/json-20090211.jar:/Users/deepakkumar/.m2/repository/cc/plural/jsonij/0.2.11/jsonij-0.2.11.jar:/Users/deepakkumar/.m2/repository/commons-lang/commons-lang/2.4/commons-lang-2.4.jar:/Users/deepakkumar/.m2/repository/org/slf4j/slf4j-log4j12/1.7.2/slf4j-log4j12-1.7.2.jar:/Users/deepakkumar/.m2/repository/log4j/log4j/1.2.17/log4j-1.2.17.jar:/Users/deepakkumar/.m2/repository/org/testng/testng/6.9.8/testng-6.9.8.jar:/Users/deepakkumar/.m2/repository/org/beanshell/bsh/2.0b4/bsh-2.0b4.jar:/Users/deepakkumar/.m2/repository/com/beust/jcommander/1.48/jcommander-1.48.jar:/Users/deepakkumar/.m2/repository/org/apache/maven/surefire/surefire-testng-utils/2.20.1/surefire-testng-utils-2.20.1.jar:/Users/deepakkumar/.m2/repository/org/apache/maven/surefire/surefire-grouper/2.20.1/surefire-grouper-2.20.1.jar:"/>
    <property name="java.vm.vendor" value="Oracle Corporation"/>
    <property name="sun.arch.data.model" value="64"/>
    <property name="java.vendor.url" value="http://java.oracle.com/"/>
    <property name="user.timezone" value=""/>
    <property name="java.vm.specification.version" value="1.8"/>
    <property name="os.name" value="Mac OS X"/>
    <property name="user.country" value="US"/>
    <property name="sun.java.launcher" value="SUN_STANDARD"/>
    <property name="sun.boot.library.path" value="/Library/Java/JavaVirtualMachines/jdk1.8.0_60.jdk/Contents/Home/jre/lib"/>
    <property name="sun.java.command" value="/Users/deepakkumar/Projects/Demo/SenbotMaven/target/surefire/surefirebooter8248405580063021068.jar /Users/deepakkumar/Projects/Demo/SenbotMaven/target/surefire 2017-10-05T11-07-09_474-jvmRun1 surefire8540202241951075541tmp surefire_08606263779970551108tmp"/>
    <property name="http.nonProxyHosts" value="local|*.local|169.254/16|*.169.254/16"/>
    <property name="surefire.test.class.path" value="/Users/deepakkumar/Projects/Demo/SenbotMaven/target/test-classes:/Users/deepakkumar/Projects/Demo/SenbotMaven/target/classes:/Users/deepakkumar/.m2/repository/com/gfk/senbot/SenBotRunner/0.2/SenBotRunner-0.2.jar:/Users/deepakkumar/.m2/repository/org/springframework/spring-core/3.1.0.RELEASE/spring-core-3.1.0.RELEASE.jar:/Users/deepakkumar/.m2/repository/org/springframework/spring-asm/3.1.0.RELEASE/spring-asm-3.1.0.RELEASE.jar:/Users/deepakkumar/.m2/repository/commons-logging/commons-logging/1.1.1/commons-logging-1.1.1.jar:/Users/deepakkumar/.m2/repository/javax/inject/javax.inject/1/javax.inject-1.jar:/Users/deepakkumar/.m2/repository/org/springframework/spring-context/3.1.0.RELEASE/spring-context-3.1.0.RELEASE.jar:/Users/deepakkumar/.m2/repository/org/springframework/spring-aop/3.1.0.RELEASE/spring-aop-3.1.0.RELEASE.jar:/Users/deepakkumar/.m2/repository/aopalliance/aopalliance/1.0/aopalliance-1.0.jar:/Users/deepakkumar/.m2/repository/org/springframework/spring-beans/3.1.0.RELEASE/spring-beans-3.1.0.RELEASE.jar:/Users/deepakkumar/.m2/repository/org/springframework/spring-expression/3.1.0.RELEASE/spring-expression-3.1.0.RELEASE.jar:/Users/deepakkumar/.m2/repository/junit/junit/4.11/junit-4.11.jar:/Users/deepakkumar/.m2/repository/org/hamcrest/hamcrest-core/1.3/hamcrest-core-1.3.jar:/Users/deepakkumar/.m2/repository/org/seleniumhq/selenium/selenium-java/2.32.0/selenium-java-2.32.0.jar:/Users/deepakkumar/.m2/repository/org/seleniumhq/selenium/selenium-android-driver/2.32.0/selenium-android-driver-2.32.0.jar:/Users/deepakkumar/.m2/repository/org/seleniumhq/selenium/selenium-remote-driver/2.32.0/selenium-remote-driver-2.32.0.jar:/Users/deepakkumar/.m2/repository/cglib/cglib-nodep/2.1_3/cglib-nodep-2.1_3.jar:/Users/deepakkumar/.m2/repository/org/seleniumhq/selenium/selenium-chrome-driver/2.32.0/selenium-chrome-driver-2.32.0.jar:/Users/deepakkumar/.m2/repository/org/seleniumhq/selenium/selenium-htmlunit-driver/2.32.0/selenium-htmlunit-driver-2.32.0.jar:/Users/deepakkumar/.m2/repository/org/seleniumhq/selenium/selenium-api/2.32.0/selenium-api-2.32.0.jar:/Users/deepakkumar/.m2/repository/net/sourceforge/htmlunit/htmlunit/2.12/htmlunit-2.12.jar:/Users/deepakkumar/.m2/repository/xalan/xalan/2.7.1/xalan-2.7.1.jar:/Users/deepakkumar/.m2/repository/xalan/serializer/2.7.1/serializer-2.7.1.jar:/Users/deepakkumar/.m2/repository/commons-collections/commons-collections/3.2.1/commons-collections-3.2.1.jar:/Users/deepakkumar/.m2/repository/org/apache/commons/commons-lang3/3.1/commons-lang3-3.1.jar:/Users/deepakkumar/.m2/repository/org/apache/httpcomponents/httpmime/4.2.3/httpmime-4.2.3.jar:/Users/deepakkumar/.m2/repository/commons-codec/commons-codec/1.7/commons-codec-1.7.jar:/Users/deepakkumar/.m2/repository/net/sourceforge/htmlunit/htmlunit-core-js/2.12/htmlunit-core-js-2.12.jar:/Users/deepakkumar/.m2/repository/xerces/xercesImpl/2.10.0/xercesImpl-2.10.0.jar:/Users/deepakkumar/.m2/repository/xml-apis/xml-apis/1.4.01/xml-apis-1.4.01.jar:/Users/deepakkumar/.m2/repository/net/sourceforge/nekohtml/nekohtml/1.9.18/nekohtml-1.9.18.jar:/Users/deepakkumar/.m2/repository/net/sourceforge/cssparser/cssparser/0.9.9/cssparser-0.9.9.jar:/Users/deepakkumar/.m2/repository/org/w3c/css/sac/1.3/sac-1.3.jar:/Users/deepakkumar/.m2/repository/org/eclipse/jetty/jetty-websocket/8.1.9.v20130131/jetty-websocket-8.1.9.v20130131.jar:/Users/deepakkumar/.m2/repository/org/eclipse/jetty/jetty-util/8.1.9.v20130131/jetty-util-8.1.9.v20130131.jar:/Users/deepakkumar/.m2/repository/org/eclipse/jetty/jetty-io/8.1.9.v20130131/jetty-io-8.1.9.v20130131.jar:/Users/deepakkumar/.m2/repository/org/eclipse/jetty/jetty-http/8.1.9.v20130131/jetty-http-8.1.9.v20130131.jar:/Users/deepakkumar/.m2/repository/org/apache/httpcomponents/httpclient/4.2.1/httpclient-4.2.1.jar:/Users/deepakkumar/.m2/repository/org/apache/httpcomponents/httpcore/4.2.1/httpcore-4.2.1.jar:/Users/deepakkumar/.m2/repository/org/seleniumhq/selenium/selenium-firefox-driver/2.32.0/selenium-firefox-driver-2.32.0.jar:/Users/deepakkumar/.m2/repository/commons-io/commons-io/2.2/commons-io-2.2.jar:/Users/deepakkumar/.m2/repository/org/seleniumhq/selenium/selenium-ie-driver/2.32.0/selenium-ie-driver-2.32.0.jar:/Users/deepakkumar/.m2/repository/net/java/dev/jna/jna/3.4.0/jna-3.4.0.jar:/Users/deepakkumar/.m2/repository/net/java/dev/jna/platform/3.4.0/platform-3.4.0.jar:/Users/deepakkumar/.m2/repository/org/seleniumhq/selenium/selenium-iphone-driver/2.32.0/selenium-iphone-driver-2.32.0.jar:/Users/deepakkumar/.m2/repository/org/seleniumhq/selenium/selenium-safari-driver/2.32.0/selenium-safari-driver-2.32.0.jar:/Users/deepakkumar/.m2/repository/org/seleniumhq/selenium/selenium-support/2.32.0/selenium-support-2.32.0.jar:/Users/deepakkumar/.m2/repository/org/webbitserver/webbit/0.4.14/webbit-0.4.14.jar:/Users/deepakkumar/.m2/repository/io/netty/netty/3.5.2.Final/netty-3.5.2.Final.jar:/Users/deepakkumar/.m2/repository/info/cukes/cucumber-core/1.1.2/cucumber-core-1.1.2.jar:/Users/deepakkumar/.m2/repository/info/cukes/cucumber-java/1.1.2/cucumber-java-1.1.2.jar:/Users/deepakkumar/.m2/repository/info/cukes/cucumber-junit/1.1.2/cucumber-junit-1.1.2.jar:/Users/deepakkumar/.m2/repository/com/opera/operadriver/0.16/operadriver-0.16.jar:/Users/deepakkumar/.m2/repository/com/opera/operalaunchers/1.0/operalaunchers-1.0.jar:/Users/deepakkumar/.m2/repository/com/google/protobuf/protobuf-java/2.4.1/protobuf-java-2.4.1.jar:/Users/deepakkumar/.m2/repository/com/google/guava/guava/12.0.1/guava-12.0.1.jar:/Users/deepakkumar/.m2/repository/com/google/code/findbugs/jsr305/1.3.9/jsr305-1.3.9.jar:/Users/deepakkumar/.m2/repository/commons-jxpath/commons-jxpath/1.3/commons-jxpath-1.3.jar:/Users/deepakkumar/.m2/repository/org/apache/commons/commons-exec/1.1/commons-exec-1.1.jar:/Users/deepakkumar/.m2/repository/org/ini4j/ini4j/0.5.2/ini4j-0.5.2.jar:/Users/deepakkumar/.m2/repository/org/slf4j/slf4j-api/1.7.2/slf4j-api-1.7.2.jar:/Users/deepakkumar/.m2/repository/org/json/json/20090211/json-20090211.jar:/Users/deepakkumar/.m2/repository/cc/plural/jsonij/0.2.11/jsonij-0.2.11.jar:/Users/deepakkumar/.m2/repository/commons-lang/commons-lang/2.4/commons-lang-2.4.jar:/Users/deepakkumar/.m2/repository/org/slf4j/slf4j-log4j12/1.7.2/slf4j-log4j12-1.7.2.jar:/Users/deepakkumar/.m2/repository/log4j/log4j/1.2.17/log4j-1.2.17.jar:/Users/deepakkumar/.m2/repository/org/testng/testng/6.9.8/testng-6.9.8.jar:/Users/deepakkumar/.m2/repository/org/beanshell/bsh/2.0b4/bsh-2.0b4.jar:/Users/deepakkumar/.m2/repository/com/beust/jcommander/1.48/jcommander-1.48.jar:/Users/deepakkumar/.m2/repository/org/apache/maven/surefire/surefire-testng-utils/2.20.1/surefire-testng-utils-2.20.1.jar:/Users/deepakkumar/.m2/repository/org/apache/maven/surefire/surefire-grouper/2.20.1/surefire-grouper-2.20.1.jar:"/>
    <property name="sun.cpu.endian" value="little"/>
    <property name="user.home" value="/Users/deepakkumar"/>
    <property name="user.language" value="en"/>
    <property name="java.specification.vendor" value="Oracle Corporation"/>
    <property name="java.home" value="/Library/Java/JavaVirtualMachines/jdk1.8.0_60.jdk/Contents/Home/jre"/>
    <property name="basedir" value="/Users/deepakkumar/Projects/Demo/SenbotMaven"/>
    <property name="file.separator" value="/"/>
    <property name="line.separator" value="&#10;"/>
    <property name="java.vm.specification.vendor" value="Oracle Corporation"/>
    <property name="java.specification.name" value="Java Platform API Specification"/>
    <property name="java.awt.graphicsenv" value="sun.awt.CGraphicsEnvironment"/>
    <property name="surefire.real.class.path" value="/Users/deepakkumar/Projects/Demo/SenbotMaven/target/surefire/surefirebooter8248405580063021068.jar"/>
    <property name="sun.boot.class.path" value="/Library/Java/JavaVirtualMachines/jdk1.8.0_60.jdk/Contents/Home/jre/lib/resources.jar:/Library/Java/JavaVirtualMachines/jdk1.8.0_60.jdk/Contents/Home/jre/lib/rt.jar:/Library/Java/JavaVirtualMachines/jdk1.8.0_60.jdk/Contents/Home/jre/lib/sunrsasign.jar:/Library/Java/JavaVirtualMachines/jdk1.8.0_60.jdk/Contents/Home/jre/lib/jsse.jar:/Library/Java/JavaVirtualMachines/jdk1.8.0_60.jdk/Contents/Home/jre/lib/jce.jar:/Library/Java/JavaVirtualMachines/jdk1.8.0_60.jdk/Contents/Home/jre/lib/charsets.jar:/Library/Java/JavaVirtualMachines/jdk1.8.0_60.jdk/Contents/Home/jre/lib/jfr.jar:/Library/Java/JavaVirtualMachines/jdk1.8.0_60.jdk/Contents/Home/jre/classes"/>
    <property name="sun.management.compiler" value="HotSpot 64-Bit Tiered Compilers"/>
    <property name="ftp.nonProxyHosts" value="local|*.local|169.254/16|*.169.254/16"/>
    <property name="java.runtime.version" value="1.8.0_60-b27"/>
    <property name="user.name" value="deepakkumar"/>
    <property name="path.separator" value=":"/>
    <property name="os.version" value="10.12"/>
    <property name="java.endorsed.dirs" value="/Library/Java/JavaVirtualMachines/jdk1.8.0_60.jdk/Contents/Home/jre/lib/endorsed"/>
    <property name="java.runtime.name" value="Java(TM) SE Runtime Environment"/>
    <property name="file.encoding" value="UTF-8"/>
    <property name="java.vm.name" value="Java HotSpot(TM) 64-Bit Server VM"/>
    <property name="localRepository" value="/Users/deepakkumar/.m2/repository"/>
    <property name="java.vendor.url.bug" value="http://bugreport.sun.com/bugreport/"/>
    <property name="java.io.tmpdir" value="/var/folders/rc/25__0drn0x51zf30_p9w7v140000gn/T/"/>
    <property name="maven.test.skip" value="false"/>
    <property name="java.version" value="1.8.0_60"/>
    <property name="user.dir" value="/Users/deepakkumar/Projects/Demo/SenbotMaven"/>
    <property name="os.arch" value="x86_64"/>
    <property name="java.vm.specification.name" value="Java Virtual Machine Specification"/>
    <property name="java.awt.printerjob" value="sun.lwawt.macosx.CPrinterJob"/>
    <property name="sun.os.patch.level" value="unknown"/>
    <property name="java.library.path" value="/Users/deepakkumar/Library/Java/Extensions:/Library/Java/Extensions:/Network/Library/Java/Extensions:/System/Library/Java/Extensions:/usr/lib/java:."/>
    <property name="java.vm.info" value="mixed mode"/>
    <property name="java.vendor" value="Oracle Corporation"/>
    <property name="java.vm.version" value="25.60-b23"/>
    <property name="java.ext.dirs" value="/Users/deepakkumar/Library/Java/Extensions:/Library/Java/JavaVirtualMachines/jdk1.8.0_60.jdk/Contents/Home/jre/lib/ext:/Library/Java/Extensions:/Network/Library/Java/Extensions:/System/Library/Java/Extensions:/usr/lib/java"/>
    <property name="sun.io.unicode.encoding" value="UnicodeBig"/>
    <property name="java.class.version" value="52.0"/>
    <property name="socksNonProxyHosts" value="local|*.local|169.254/16|*.169.254/16"/>
  </properties>
</testsuite>